0 info it worked if it ends with ok
1 verbose cli [ '/usr/local/Cellar/node/0.10.32/bin/node',
1 verbose cli   '/usr/local/bin/npm',
1 verbose cli   'install',
1 verbose cli   '-g',
1 verbose cli   'https://github.com/bhirsch42/s3-website/tarball/master' ]
2 info using npm@3.10.3
3 info using node@v6.4.0
4 silly loadCurrentTree Starting
5 silly install loadCurrentTree
6 silly install readGlobalPackageData
7 silly fetchPackageMetaData https://github.com/bhirsch42/s3-website/tarball/master
8 silly fetchOtherPackageData https://github.com/bhirsch42/s3-website/tarball/master
9 silly cache add args [ 'https://github.com/bhirsch42/s3-website/tarball/master',
9 silly cache add   null ]
10 verbose cache add spec https://github.com/bhirsch42/s3-website/tarball/master
11 silly cache add parsed spec Result {
11 silly cache add   raw: 'https://github.com/bhirsch42/s3-website/tarball/master',
11 silly cache add   scope: null,
11 silly cache add   escapedName: null,
11 silly cache add   name: null,
11 silly cache add   rawSpec: 'https://github.com/bhirsch42/s3-website/tarball/master',
11 silly cache add   spec: 'https://github.com/bhirsch42/s3-website/tarball/master',
11 silly cache add   type: 'remote' }
12 silly mapToRegistry name https://github.com/bhirsch42/s3-website/tarball/master
13 silly mapToRegistry using default registry
14 silly mapToRegistry registry https://registry.npmjs.org/
15 silly mapToRegistry data Result {
15 silly mapToRegistry   raw: 'https://github.com/bhirsch42/s3-website/tarball/master',
15 silly mapToRegistry   scope: null,
15 silly mapToRegistry   escapedName: null,
15 silly mapToRegistry   name: null,
15 silly mapToRegistry   rawSpec: 'https://github.com/bhirsch42/s3-website/tarball/master',
15 silly mapToRegistry   spec: 'https://github.com/bhirsch42/s3-website/tarball/master',
15 silly mapToRegistry   type: 'remote' }
16 silly mapToRegistry uri https://github.com/bhirsch42/s3-website/tarball/master
17 verbose addRemoteTarball https://github.com/bhirsch42/s3-website/tarball/master not in flight; adding
18 verbose addRemoteTarball [ 'https://github.com/bhirsch42/s3-website/tarball/master',
18 verbose addRemoteTarball   null ]
19 info retry fetch attempt 1 at 4:09:21 AM
20 info attempt registry request try #1 at 4:09:21 AM
21 http fetch GET https://github.com/bhirsch42/s3-website/tarball/master
22 verbose request id fbd98e77a5deddcf
23 http fetch 200 https://github.com/bhirsch42/s3-website/tarball/master
24 silly fetchAndShaCheck shasum 2babd2eacfe48c50d946af009a6108450f50cd7e
25 verbose addTmpTarball /tmp/npm-46619-1d4da2e9/github.com/bhirsch42/s3-website/tarball/master not in flight; adding
26 verbose correctMkdir /Users/benhirsch/.npm correctMkdir not in flight; initializing
27 verbose addTmpTarball validating metadata from /tmp/npm-46619-1d4da2e9/github.com/bhirsch42/s3-website/tarball/master
28 verbose tar unpack /tmp/npm-46619-1d4da2e9/github.com/bhirsch42/s3-website/tarball/master
29 verbose tar unpacking to /tmp/npm-46619-1d4da2e9/unpack-9dc15a71
30 silly gentlyRm /tmp/npm-46619-1d4da2e9/unpack-9dc15a71 is being purged
31 verbose gentlyRm don't care about contents; nuking /tmp/npm-46619-1d4da2e9/unpack-9dc15a71
32 silly gunzTarPerm modes [ '755', '644' ]
33 silly gunzTarPerm extractEntry
34 silly gunzTarPerm modified mode [ '', 509, 493 ]
35 silly gunzTarPerm extractEntry .env.example
36 silly gunzTarPerm modified mode [ '.env.example', 436, 420 ]
37 silly gunzTarPerm extractEntry .gitignore
38 silly gunzTarPerm modified mode [ '.gitignore', 436, 420 ]
39 silly gunzTarPerm extractEntry Readme.md
40 silly gunzTarPerm modified mode [ 'Readme.md', 436, 420 ]
41 silly gunzTarPerm extractEntry index.js
42 silly gunzTarPerm modified mode [ 'index.js', 436, 420 ]
43 silly gunzTarPerm extractEntry package.json
44 silly gunzTarPerm modified mode [ 'package.json', 436, 420 ]
45 silly gunzTarPerm extractEntry s3-website.js
46 silly gunzTarPerm modified mode [ 's3-website.js', 509, 493 ]
47 silly gunzTarPerm extractEntry test/
48 silly gunzTarPerm modified mode [ 'test/', 509, 493 ]
49 silly gunzTarPerm extractEntry test/fixtures/
50 silly gunzTarPerm modified mode [ 'test/fixtures/', 509, 493 ]
51 silly gunzTarPerm extractEntry test/fixtures/another.txt
52 silly gunzTarPerm modified mode [ 'test/fixtures/another.txt', 436, 420 ]
53 silly gunzTarPerm extractEntry test/fixtures/another/
54 silly gunzTarPerm modified mode [ 'test/fixtures/another/', 509, 493 ]
55 silly gunzTarPerm extractEntry test/fixtures/another/anotherFile.txt
56 silly gunzTarPerm modified mode [ 'test/fixtures/another/anotherFile.txt', 436, 420 ]
57 silly gunzTarPerm extractEntry test/fixtures/test-upload.html
58 silly gunzTarPerm modified mode [ 'test/fixtures/test-upload.html', 436, 420 ]
59 silly gunzTarPerm extractEntry test/index.js
60 silly gunzTarPerm modified mode [ 'test/index.js', 436, 420 ]
61 silly fetchPackageMetaData Error: Invalid version: "latest"
61 silly fetchPackageMetaData     at Object.module.exports.fixVersionField (/usr/local/lib/node_modules/npm/node_modules/normalize-package-data/lib/fixer.js:191:13)
61 silly fetchPackageMetaData     at /usr/local/lib/node_modules/npm/node_modules/normalize-package-data/lib/normalize.js:32:38
61 silly fetchPackageMetaData     at Array.forEach (native)
61 silly fetchPackageMetaData     at normalize (/usr/local/lib/node_modules/npm/node_modules/normalize-package-data/lib/normalize.js:31:15)
61 silly fetchPackageMetaData     at final (/usr/local/lib/node_modules/npm/node_modules/read-package-json/read-json.js:349:5)
61 silly fetchPackageMetaData     at then (/usr/local/lib/node_modules/npm/node_modules/read-package-json/read-json.js:124:5)
61 silly fetchPackageMetaData     at /usr/local/lib/node_modules/npm/node_modules/read-package-json/read-json.js:243:12
61 silly fetchPackageMetaData     at /usr/local/lib/node_modules/npm/node_modules/graceful-fs/graceful-fs.js:78:16
61 silly fetchPackageMetaData     at tryToString (fs.js:455:3)
61 silly fetchPackageMetaData     at FSReqWrap.readFileAfterClose [as oncomplete] (fs.js:442:12)
61 silly fetchPackageMetaData  error for https://github.com/bhirsch42/s3-website/tarball/master Error: Invalid version: "latest"
61 silly fetchPackageMetaData     at Object.module.exports.fixVersionField (/usr/local/lib/node_modules/npm/node_modules/normalize-package-data/lib/fixer.js:191:13)
61 silly fetchPackageMetaData     at /usr/local/lib/node_modules/npm/node_modules/normalize-package-data/lib/normalize.js:32:38
61 silly fetchPackageMetaData     at Array.forEach (native)
61 silly fetchPackageMetaData     at normalize (/usr/local/lib/node_modules/npm/node_modules/normalize-package-data/lib/normalize.js:31:15)
61 silly fetchPackageMetaData     at final (/usr/local/lib/node_modules/npm/node_modules/read-package-json/read-json.js:349:5)
61 silly fetchPackageMetaData     at then (/usr/local/lib/node_modules/npm/node_modules/read-package-json/read-json.js:124:5)
61 silly fetchPackageMetaData     at /usr/local/lib/node_modules/npm/node_modules/read-package-json/read-json.js:243:12
61 silly fetchPackageMetaData     at /usr/local/lib/node_modules/npm/node_modules/graceful-fs/graceful-fs.js:78:16
61 silly fetchPackageMetaData     at tryToString (fs.js:455:3)
61 silly fetchPackageMetaData     at FSReqWrap.readFileAfterClose [as oncomplete] (fs.js:442:12)
62 silly rollbackFailedOptional Starting
63 silly rollbackFailedOptional Finishing
64 silly runTopLevelLifecycles Starting
65 silly runTopLevelLifecycles Finishing
66 silly install printInstalled
67 verbose stack Error: Invalid version: "latest"
67 verbose stack     at Object.module.exports.fixVersionField (/usr/local/lib/node_modules/npm/node_modules/normalize-package-data/lib/fixer.js:191:13)
67 verbose stack     at /usr/local/lib/node_modules/npm/node_modules/normalize-package-data/lib/normalize.js:32:38
67 verbose stack     at Array.forEach (native)
67 verbose stack     at normalize (/usr/local/lib/node_modules/npm/node_modules/normalize-package-data/lib/normalize.js:31:15)
67 verbose stack     at final (/usr/local/lib/node_modules/npm/node_modules/read-package-json/read-json.js:349:5)
67 verbose stack     at then (/usr/local/lib/node_modules/npm/node_modules/read-package-json/read-json.js:124:5)
67 verbose stack     at /usr/local/lib/node_modules/npm/node_modules/read-package-json/read-json.js:243:12
67 verbose stack     at /usr/local/lib/node_modules/npm/node_modules/graceful-fs/graceful-fs.js:78:16
67 verbose stack     at tryToString (fs.js:455:3)
67 verbose stack     at FSReqWrap.readFileAfterClose [as oncomplete] (fs.js:442:12)
68 verbose cwd /Users/benhirsch/Github/s3-website
69 error Darwin 14.0.0
70 error argv "/usr/local/Cellar/node/0.10.32/bin/node" "/usr/local/bin/npm" "install" "-g" "https://github.com/bhirsch42/s3-website/tarball/master"
71 error node v6.4.0
72 error npm  v3.10.3
73 error Invalid version: "latest"
74 error If you need help, you may report this error at:
74 error     <https://github.com/npm/npm/issues>
75 verbose exit [ 1, true ]
